<?xml version="1.0" encoding="UTF-8"?>
<!-- Generated by org.testng.reporters.JUnitReportReporter -->
<testsuite skipped="0" hostname="SHI58495EU1003F" name="Script.Login" tests="1" failures="0" timestamp="5 Nov 2016 19:03:06 GMT" time="1.316" errors="0">
  <testcase name="login" time="1.316" classname="Script.Login"/>
</testsuite> <!-- Script.Login -->
